<?xml version="1.0" encoding="UTF-8"?>
<!-- Generated by org.testng.reporters.JUnitXMLReporter -->
<testsuite hostname="EREV332-PC" name="HookableListenerExample" tests="3" failures="0" timestamp="5 Mar 2015 10:37:51 GMT" time="0.019" errors="0">
  <testcase name="t" time="0.006" classname="com.nostalgiaguy.testng.test.HookableExample"/>
  <testcase name="t" time="0.0" classname="com.nostalgiaguy.testng.test.HookableExample"/>
  <testcase name="t" time="0.001" classname="com.nostalgiaguy.testng.test.HookableExample"/>
</testsuite> <!-- HookableListenerExample -->
