<?xml version="1.0" encoding="UTF-8"?>
<testng-results skipped="0" failed="0" total="1" passed="1">
  <reporter-output>
  </reporter-output>
  <suite name="Command line suite" duration-ms="9" started-at="2015-03-09T06:44:17Z" finished-at="2015-03-09T06:44:17Z">
    <groups>
    </groups>
    <test name="Command line test" duration-ms="9" started-at="2015-03-09T06:44:17Z" finished-at="2015-03-09T06:44:17Z">
      <class name="com.nostalgiaguy.testng.test.TestClass">
        <test-method status="PASS" signature="beforeSuite()[pri:0, instance:com.nostalgiaguy.testng.test.TestClass@2868fede]" name="beforeSuite" is-config="true" duration-ms="8" started-at="2015-03-09T12:14:17Z" finished-at="2015-03-09T12:14:17Z">
          <reporter-output>
          </reporter-output>
        </test-method> <!-- beforeSuite -->
        <test-method status="PASS" signature="t()[pri:0, instance:com.nostalgiaguy.testng.test.TestClass@2868fede]" name="t" duration-ms="1" started-at="2015-03-09T12:14:17Z" finished-at="2015-03-09T12:14:17Z">
          <reporter-output>
          </reporter-output>
        </test-method> <!-- t -->
        <test-method status="PASS" signature="afterSuite()[pri:0, instance:com.nostalgiaguy.testng.test.TestClass@2868fede]" name="afterSuite" is-config="true" duration-ms="0" started-at="2015-03-09T12:14:17Z" finished-at="2015-03-09T12:14:17Z">
          <reporter-output>
          </reporter-output>
        </test-method> <!-- afterSuite -->
      </class> <!-- com.nostalgiaguy.testng.test.TestClass -->
    </test> <!-- Command line test -->
  </suite> <!-- Command line suite -->
</testng-results>
